Wed Nov 14 2018 20:57:31 GMT-0500 (Eastern Standard Time): GET / ::1
Wed Nov 14 2018 20:57:31 GMT-0500 (Eastern Standard Time): GET /main.css ::1
Wed Nov 14 2018 20:58:05 GMT-0500 (Eastern Standard Time): GET / ::1
Wed Nov 14 2018 20:58:09 GMT-0500 (Eastern Standard Time): GET /htmlFiels/main.css ::1
Wed Nov 14 2018 20:58:21 GMT-0500 (Eastern Standard Time): GET / ::1
Wed Nov 14 2018 20:58:21 GMT-0500 (Eastern Standard Time): GET /htmlFiels/main.css ::1
Wed Nov 14 2018 20:58:25 GMT-0500 (Eastern Standard Time): GET / ::1
Wed Nov 14 2018 20:58:25 GMT-0500 (Eastern Standard Time): GET /htmlFiels/main.css ::1
Wed Nov 14 2018 20:58:26 GMT-0500 (Eastern Standard Time): GET / ::1
Wed Nov 14 2018 20:58:26 GMT-0500 (Eastern Standard Time): GET /htmlFiels/main.css ::1
Wed Nov 14 2018 20:58:26 GMT-0500 (Eastern Standard Time): GET / ::1
Wed Nov 14 2018 20:58:26 GMT-0500 (Eastern Standard Time): GET /htmlFiels/main.css ::1
Wed Nov 14 2018 20:58:26 GMT-0500 (Eastern Standard Time): GET / ::1
Wed Nov 14 2018 20:58:26 GMT-0500 (Eastern Standard Time): GET /htmlFiels/main.css ::1
Wed Nov 14 2018 20:59:19 GMT-0500 (Eastern Standard Time): GET / ::1
Wed Nov 14 2018 20:59:19 GMT-0500 (Eastern Standard Time): GET /htmlFiels/main.css ::1
Wed Nov 14 2018 21:24:27 GMT-0500 (Eastern Standard Time): GET / ::1
Wed Nov 14 2018 21:24:27 GMT-0500 (Eastern Standard Time): GET /htmlFiels/main.css ::1
Wed Nov 14 2018 21:27:00 GMT-0500 (Eastern Standard Time): GET / ::1
Wed Nov 14 2018 21:27:00 GMT-0500 (Eastern Standard Time): GET /htmlFiels/main.css ::1
Wed Nov 14 2018 21:27:07 GMT-0500 (Eastern Standard Time): GET /htmlFiels/main.css ::1
Wed Nov 14 2018 21:28:11 GMT-0500 (Eastern Standard Time): GET / ::1
Wed Nov 14 2018 21:28:11 GMT-0500 (Eastern Standard Time): GET /htmlFiels/main.css ::1
Wed Nov 14 2018 21:29:15 GMT-0500 (Eastern Standard Time): GET / ::1
Wed Nov 14 2018 21:29:15 GMT-0500 (Eastern Standard Time): GET /htmlFiels/main.css ::1
Wed Nov 14 2018 21:29:20 GMT-0500 (Eastern Standard Time): GET /htmlFiels/main.css ::1
Wed Nov 14 2018 21:30:25 GMT-0500 (Eastern Standard Time): GET / ::1
Wed Nov 14 2018 21:30:25 GMT-0500 (Eastern Standard Time): GET /htmlFiels/main.css ::1
Wed Nov 14 2018 21:31:27 GMT-0500 (Eastern Standard Time): GET / ::1
Wed Nov 14 2018 21:31:27 GMT-0500 (Eastern Standard Time): GET /htmlFiels/main.css ::1
Wed Nov 14 2018 21:31:51 GMT-0500 (Eastern Standard Time): GET / ::1
Wed Nov 14 2018 21:31:51 GMT-0500 (Eastern Standard Time): GET /htmlFiels/main.css ::1
Wed Nov 14 2018 21:32:43 GMT-0500 (Eastern Standard Time): GET / ::1
Wed Nov 14 2018 21:32:43 GMT-0500 (Eastern Standard Time): GET /htmlFiels/main.css ::1
Wed Nov 14 2018 21:35:15 GMT-0500 (Eastern Standard Time): GET / ::1
Wed Nov 14 2018 21:35:15 GMT-0500 (Eastern Standard Time): GET /htmlFiels/main.css ::1
Wed Nov 14 2018 21:44:32 GMT-0500 (Eastern Standard Time): GET / ::1
Wed Nov 14 2018 21:44:32 GMT-0500 (Eastern Standard Time): GET /htmlFiels/main.css ::1
Wed Nov 14 2018 21:44:37 GMT-0500 (Eastern Standard Time): GET /?colorValue=A+67+127+126 ::1
Wed Nov 14 2018 21:44:37 GMT-0500 (Eastern Standard Time): GET /htmlFiels/main.css ::1
Wed Nov 14 2018 21:45:38 GMT-0500 (Eastern Standard Time): GET /?colorValue=A+45+159+105 ::1
Wed Nov 14 2018 21:45:38 GMT-0500 (Eastern Standard Time): GET /htmlFiels/main.css ::1
Wed Nov 14 2018 21:47:06 GMT-0500 (Eastern Standard Time): GET /?colorValue=A+45+159+105 ::1
Wed Nov 14 2018 21:47:06 GMT-0500 (Eastern Standard Time): GET /htmlFiels/main.css ::1
Wed Nov 14 2018 21:47:10 GMT-0500 (Eastern Standard Time): GET /?colorValue=A+35+107+57 ::1
Wed Nov 14 2018 21:47:10 GMT-0500 (Eastern Standard Time): GET /htmlFiels/main.css ::1
Wed Nov 14 2018 21:47:25 GMT-0500 (Eastern Standard Time): GET /?colorValue=A+255+255+255 ::1
Wed Nov 14 2018 21:47:25 GMT-0500 (Eastern Standard Time): GET /htmlFiels/main.css ::1
Wed Nov 14 2018 21:49:57 GMT-0500 (Eastern Standard Time): GET /?colorValue=A+255+255+255 ::1
Wed Nov 14 2018 21:49:57 GMT-0500 (Eastern Standard Time): GET /htmlFiels/main.css ::1
Wed Nov 14 2018 21:50:02 GMT-0500 (Eastern Standard Time): GET /?colorValue=A+164+82+43 ::1
Wed Nov 14 2018 21:50:02 GMT-0500 (Eastern Standard Time): GET /htmlFiels/main.css ::1
Wed Nov 14 2018 21:50:24 GMT-0500 (Eastern Standard Time): GET /?colorValue=+sddas ::1
Wed Nov 14 2018 21:50:24 GMT-0500 (Eastern Standard Time): GET /htmlFiels/main.css ::1
Wed Nov 14 2018 21:52:05 GMT-0500 (Eastern Standard Time): GET /?colorValue=+sddas ::1
Wed Nov 14 2018 21:52:05 GMT-0500 (Eastern Standard Time): GET /htmlFiels/main.css ::1
Wed Nov 14 2018 21:52:08 GMT-0500 (Eastern Standard Time): GET /? ::1
Wed Nov 14 2018 21:52:09 GMT-0500 (Eastern Standard Time): GET /htmlFiels/main.css ::1
Wed Nov 14 2018 21:52:15 GMT-0500 (Eastern Standard Time): GET /? ::1
Wed Nov 14 2018 21:52:15 GMT-0500 (Eastern Standard Time): GET /htmlFiels/main.css ::1
Wed Nov 14 2018 21:55:19 GMT-0500 (Eastern Standard Time): GET /? ::1
Wed Nov 14 2018 21:55:19 GMT-0500 (Eastern Standard Time): GET /htmlFiels/main.css ::1
Wed Nov 14 2018 21:55:28 GMT-0500 (Eastern Standard Time): GET /?colorValue=A+36+1+1 ::1
Wed Nov 14 2018 21:55:28 GMT-0500 (Eastern Standard Time): GET /htmlFiels/main.css ::1
Wed Nov 14 2018 21:56:49 GMT-0500 (Eastern Standard Time): GET /?colorValue=A+36+1+1 ::1
Wed Nov 14 2018 21:56:49 GMT-0500 (Eastern Standard Time): GET /htmlFiels/main.css ::1
Wed Nov 14 2018 21:57:52 GMT-0500 (Eastern Standard Time): GET /?colorValue=A+36+1+1 ::1
Wed Nov 14 2018 21:57:52 GMT-0500 (Eastern Standard Time): GET /htmlFiels/main.css ::1
Wed Nov 14 2018 21:58:25 GMT-0500 (Eastern Standard Time): GET /?colorValue=A+36+1+1 ::1
Wed Nov 14 2018 21:58:25 GMT-0500 (Eastern Standard Time): GET /htmlFiels/main.css ::1
Wed Nov 14 2018 21:58:37 GMT-0500 (Eastern Standard Time): GET /?colorValue=A+131+99+174 ::1
Wed Nov 14 2018 21:58:37 GMT-0500 (Eastern Standard Time): GET /htmlFiels/main.css ::1
Wed Nov 14 2018 22:02:35 GMT-0500 (Eastern Standard Time): GET /?colorValue=A+131+99+174 ::1
Wed Nov 14 2018 22:02:35 GMT-0500 (Eastern Standard Time): GET /htmlFiels/main.css ::1
Wed Nov 14 2018 22:03:17 GMT-0500 (Eastern Standard Time): GET /?colorValue=A+131+99+174 ::1
Wed Nov 14 2018 22:03:17 GMT-0500 (Eastern Standard Time): GET /htmlFiels/main.css ::1
Wed Nov 14 2018 22:03:39 GMT-0500 (Eastern Standard Time): GET /?effectType=Solid&colorValue=A+64+199+82+1 ::1
Wed Nov 14 2018 22:03:39 GMT-0500 (Eastern Standard Time): GET /htmlFiels/main.css ::1
Wed Nov 14 2018 22:10:37 GMT-0500 (Eastern Standard Time): GET /?effectType=Solid&colorValue=A+64+199+82+1 ::1
Wed Nov 14 2018 22:10:37 GMT-0500 (Eastern Standard Time): GET /htmlFiels/main.css ::1
Wed Nov 14 2018 22:10:46 GMT-0500 (Eastern Standard Time): GET /?effectType=Theater&colorValue=t+109+92+29+33 ::1
Wed Nov 14 2018 22:10:46 GMT-0500 (Eastern Standard Time): GET /htmlFiels/main.css ::1
Wed Nov 14 2018 22:13:03 GMT-0500 (Eastern Standard Time): GET /?effectType=Rainbow&colorValue=+ ::1
Wed Nov 14 2018 22:13:03 GMT-0500 (Eastern Standard Time): GET /htmlFiels/main.css ::1
Wed Nov 14 2018 22:13:51 GMT-0500 (Eastern Standard Time): GET /?effectType=Rainbow&colorValue=r+1+1+1+29 ::1
Wed Nov 14 2018 22:13:54 GMT-0500 (Eastern Standard Time): GET /htmlFiels/main.css ::1
Wed Nov 14 2018 22:17:12 GMT-0500 (Eastern Standard Time): GET /?effectType=Rainbow&colorValue=r+1+1+1+29 ::1
Wed Nov 14 2018 22:17:12 GMT-0500 (Eastern Standard Time): GET /htmlFiels/main.css ::1
Wed Nov 14 2018 22:17:21 GMT-0500 (Eastern Standard Time): GET /?effectType=Crawl&colorValue=c+22+44+52+44 ::1
Wed Nov 14 2018 22:17:21 GMT-0500 (Eastern Standard Time): GET /htmlFiels/main.css ::1
Wed Nov 14 2018 22:18:10 GMT-0500 (Eastern Standard Time): GET /?effectType=Crawl&colorValue=c+22+44+52+44 ::1
Wed Nov 14 2018 22:18:10 GMT-0500 (Eastern Standard Time): GET /htmlFiels/main.css ::1
Wed Nov 14 2018 22:18:13 GMT-0500 (Eastern Standard Time): GET /?effectType=Rainbow&colorValue=r+65+1+1+1 ::1
Wed Nov 14 2018 22:18:13 GMT-0500 (Eastern Standard Time): GET /htmlFiels/main.css ::1
Wed Nov 14 2018 22:18:17 GMT-0500 (Eastern Standard Time): GET /?effectType=Rainbow&colorValue=r+121+150+88+1 ::1
Wed Nov 14 2018 22:18:17 GMT-0500 (Eastern Standard Time): GET /htmlFiels/main.css ::1
Wed Nov 14 2018 22:18:52 GMT-0500 (Eastern Standard Time): GET /?effectType=Rainbow&colorValue=r+126+89+51+1 ::1
Wed Nov 14 2018 22:18:52 GMT-0500 (Eastern Standard Time): GET /htmlFiels/main.css ::1
Thu Nov 15 2018 14:31:23 GMT-0500 (Eastern Standard Time): GET / ::1
Thu Nov 15 2018 14:31:23 GMT-0500 (Eastern Standard Time): GET /htmlFiels/main.css ::1
Thu Nov 15 2018 14:35:02 GMT-0500 (Eastern Standard Time): GET / ::1
Thu Nov 15 2018 14:35:02 GMT-0500 (Eastern Standard Time): GET /htmlFiels/main.css ::1
Thu Nov 15 2018 14:35:05 GMT-0500 (Eastern Standard Time): GET / ::1
Thu Nov 15 2018 14:35:05 GMT-0500 (Eastern Standard Time): GET /htmlFiels/main.css ::1
Thu Nov 15 2018 14:37:49 GMT-0500 (Eastern Standard Time): GET / ::1
Thu Nov 15 2018 14:37:49 GMT-0500 (Eastern Standard Time): GET /htmlFiels/main.css ::1
Thu Nov 15 2018 14:37:57 GMT-0500 (Eastern Standard Time): GET /htmlFiels/main.css ::1
Thu Nov 15 2018 15:08:16 GMT-0500 (Eastern Standard Time): GET / ::1
Thu Nov 15 2018 15:08:16 GMT-0500 (Eastern Standard Time): GET /htmlFiels/main.css ::1
Thu Nov 15 2018 15:24:17 GMT-0500 (Eastern Standard Time): GET / ::1
Thu Nov 15 2018 15:24:17 GMT-0500 (Eastern Standard Time): GET /htmlFiels/main.css ::1
Thu Nov 15 2018 15:29:32 GMT-0500 (Eastern Standard Time): GET /htmlFiels/main.css ::1
Thu Nov 15 2018 15:31:14 GMT-0500 (Eastern Standard Time): GET / ::1
Thu Nov 15 2018 15:31:14 GMT-0500 (Eastern Standard Time): GET / ::1
Thu Nov 15 2018 15:31:14 GMT-0500 (Eastern Standard Time): GET / ::1
Thu Nov 15 2018 15:31:14 GMT-0500 (Eastern Standard Time): GET / ::1
Thu Nov 15 2018 15:45:46 GMT-0500 (Eastern Standard Time): GET / ::1
Thu Nov 15 2018 15:45:46 GMT-0500 (Eastern Standard Time): GET /htmlFiels/main.css ::1
Thu Nov 15 2018 15:45:50 GMT-0500 (Eastern Standard Time): GET /htmlFiels/main.css ::1
Thu Nov 15 2018 15:46:01 GMT-0500 (Eastern Standard Time): GET / ::1
Thu Nov 15 2018 15:46:01 GMT-0500 (Eastern Standard Time): GET /htmlFiels/main.css ::1
Thu Nov 15 2018 15:46:51 GMT-0500 (Eastern Standard Time): GET / ::1
Thu Nov 15 2018 15:46:51 GMT-0500 (Eastern Standard Time): GET /htmlFiels/main.css ::1
Thu Nov 15 2018 15:47:02 GMT-0500 (Eastern Standard Time): GET / ::1
Thu Nov 15 2018 15:47:02 GMT-0500 (Eastern Standard Time): GET /htmlFiels/main.css ::1
Thu Nov 15 2018 15:51:36 GMT-0500 (Eastern Standard Time): GET / ::1
Thu Nov 15 2018 15:51:36 GMT-0500 (Eastern Standard Time): GET /htmlFiels/main.css ::1
Thu Nov 15 2018 16:01:50 GMT-0500 (Eastern Standard Time): GET / ::1
Thu Nov 15 2018 16:01:50 GMT-0500 (Eastern Standard Time): GET /htmlFiels/main.css ::1
Thu Nov 15 2018 16:01:54 GMT-0500 (Eastern Standard Time): GET / ::1
Thu Nov 15 2018 16:01:54 GMT-0500 (Eastern Standard Time): GET /htmlFiels/main.css ::1
Thu Nov 15 2018 16:02:20 GMT-0500 (Eastern Standard Time): GET / ::1
Thu Nov 15 2018 16:02:20 GMT-0500 (Eastern Standard Time): GET /htmlFiels/main.css ::1
Thu Nov 15 2018 16:02:28 GMT-0500 (Eastern Standard Time): GET /?effectType=Rainbow&colorValue=r+59+140+76+1 ::1
Thu Nov 15 2018 16:02:28 GMT-0500 (Eastern Standard Time): GET /htmlFiels/main.css ::1
Thu Nov 15 2018 16:04:31 GMT-0500 (Eastern Standard Time): GET /?effectType=Rainbow&colorValue=r+59+140+76+1 ::1
Thu Nov 15 2018 16:04:31 GMT-0500 (Eastern Standard Time): GET /htmlFiels/main.css ::1
Thu Nov 15 2018 16:04:39 GMT-0500 (Eastern Standard Time): GET /?effectType=Rainbow&colorValue=r+151+48+204+1 ::1
Thu Nov 15 2018 16:04:39 GMT-0500 (Eastern Standard Time): GET /htmlFiels/main.css ::1
Thu Nov 15 2018 16:04:52 GMT-0500 (Eastern Standard Time): GET /?effectType=Rainbow&colorValue=r+93+204+194+1 ::1
Thu Nov 15 2018 16:04:52 GMT-0500 (Eastern Standard Time): GET /htmlFiels/main.css ::1
Thu Nov 15 2018 16:04:57 GMT-0500 (Eastern Standard Time): GET / ::1
Thu Nov 15 2018 16:04:57 GMT-0500 (Eastern Standard Time): GET /htmlFiels/main.css ::1
Thu Nov 15 2018 16:05:01 GMT-0500 (Eastern Standard Time): GET /htmlFiels/main.css ::1
Thu Nov 15 2018 16:05:31 GMT-0500 (Eastern Standard Time): GET /?effectType=Rainbow&colorValue=r+152+45+43+1 ::1
Thu Nov 15 2018 16:05:31 GMT-0500 (Eastern Standard Time): GET /htmlFiels/main.css ::1
Thu Nov 15 2018 16:09:49 GMT-0500 (Eastern Standard Time): GET /?effectType=Rainbow&colorValue=r+152+45+43+1 ::1
Thu Nov 15 2018 16:09:49 GMT-0500 (Eastern Standard Time): GET /htmlFiels/main.css ::1
Thu Nov 15 2018 16:09:57 GMT-0500 (Eastern Standard Time): GET /?effectType=Rainbow&colorValue=r+125+103+184+1 ::1
Thu Nov 15 2018 16:09:57 GMT-0500 (Eastern Standard Time): GET /htmlFiels/main.css ::1
Thu Nov 15 2018 16:10:08 GMT-0500 (Eastern Standard Time): GET / ::1
Thu Nov 15 2018 16:10:08 GMT-0500 (Eastern Standard Time): GET /htmlFiels/main.css ::1
Thu Nov 15 2018 16:11:03 GMT-0500 (Eastern Standard Time): GET / ::1
Thu Nov 15 2018 16:11:03 GMT-0500 (Eastern Standard Time): GET /htmlFiels/main.css ::1
Thu Nov 15 2018 16:11:10 GMT-0500 (Eastern Standard Time): GET /?effectType=Rainbow&colorValue=r+117+86+250+1 ::1
Thu Nov 15 2018 16:11:10 GMT-0500 (Eastern Standard Time): GET /htmlFiels/main.css ::1
Thu Nov 15 2018 16:11:22 GMT-0500 (Eastern Standard Time): GET /?effectType=Solid&colorValue=r+255+255+255+1 ::1
Thu Nov 15 2018 16:11:22 GMT-0500 (Eastern Standard Time): GET /htmlFiels/main.css ::1
Thu Nov 15 2018 16:11:39 GMT-0500 (Eastern Standard Time): GET /?effectType=Rainbow&colorValue=r+1+1+204+1 ::1
Thu Nov 15 2018 16:11:39 GMT-0500 (Eastern Standard Time): GET /htmlFiels/main.css ::1
Thu Nov 15 2018 16:51:39 GMT-0500 (Eastern Standard Time): GET / ::1
Thu Nov 15 2018 16:52:41 GMT-0500 (Eastern Standard Time): GET / ::1
Thu Nov 15 2018 16:52:41 GMT-0500 (Eastern Standard Time): GET / ::1
Thu Nov 15 2018 16:52:46 GMT-0500 (Eastern Standard Time): GET / ::1
Thu Nov 15 2018 16:53:16 GMT-0500 (Eastern Standard Time): GET / ::1
Thu Nov 15 2018 17:00:04 GMT-0500 (Eastern Standard Time): GET / ::1
Thu Nov 15 2018 17:00:04 GMT-0500 (Eastern Standard Time): GET /htmlFiels/main.css ::1
Thu Nov 15 2018 17:00:10 GMT-0500 (Eastern Standard Time): GET / ::1
Thu Nov 15 2018 17:00:10 GMT-0500 (Eastern Standard Time): GET /htmlFiels/main.css ::1
Thu Nov 15 2018 17:00:16 GMT-0500 (Eastern Standard Time): GET /htmlFiels/main.css ::1
Thu Nov 15 2018 17:01:26 GMT-0500 (Eastern Standard Time): GET /htmlFiels/main.css ::1
Thu Nov 15 2018 17:12:16 GMT-0500 (Eastern Standard Time): GET / ::1
Thu Nov 15 2018 17:12:16 GMT-0500 (Eastern Standard Time): GET /htmlFiels/main.css ::1
Thu Nov 15 2018 17:12:19 GMT-0500 (Eastern Standard Time): GET /?effectType=Rainbow&colorValue=+ ::1
Thu Nov 15 2018 17:12:19 GMT-0500 (Eastern Standard Time): GET /htmlFiels/main.css ::1
Thu Nov 15 2018 17:12:35 GMT-0500 (Eastern Standard Time): GET /?effectType=Solid&colorValue=+ ::1
Thu Nov 15 2018 17:12:35 GMT-0500 (Eastern Standard Time): GET /htmlFiels/main.css ::1
Thu Nov 15 2018 17:12:56 GMT-0500 (Eastern Standard Time): GET /?effectType=Solid&colorValue=+ ::1
Thu Nov 15 2018 17:12:56 GMT-0500 (Eastern Standard Time): GET /htmlFiels/main.css ::1
Thu Nov 15 2018 17:16:43 GMT-0500 (Eastern Standard Time): GET / ::1
Thu Nov 15 2018 17:16:43 GMT-0500 (Eastern Standard Time): GET /htmlFiels/main.css ::1
Thu Nov 15 2018 17:16:43 GMT-0500 (Eastern Standard Time): GET /libs/jquery-3.3.1.min.js ::1
Thu Nov 15 2018 17:23:10 GMT-0500 (Eastern Standard Time): GET /?effectType=Solid&colorValue=+ ::1
Thu Nov 15 2018 17:23:10 GMT-0500 (Eastern Standard Time): GET /htmlFiels/main.css ::1
Thu Nov 15 2018 17:23:10 GMT-0500 (Eastern Standard Time): GET /libs/jquery-3.3.1.min.js ::ffff:127.0.0.1
Thu Nov 15 2018 17:25:24 GMT-0500 (Eastern Standard Time): GET / ::1
Thu Nov 15 2018 17:25:24 GMT-0500 (Eastern Standard Time): GET /htmlFiels/main.css ::1
Thu Nov 15 2018 17:25:24 GMT-0500 (Eastern Standard Time): GET /jquery-3.3.1.min.js ::1
Thu Nov 15 2018 17:26:32 GMT-0500 (Eastern Standard Time): GET / ::ffff:127.0.0.1
Thu Nov 15 2018 17:26:32 GMT-0500 (Eastern Standard Time): GET /htmlFiels/main.css ::ffff:127.0.0.1
Thu Nov 15 2018 17:26:32 GMT-0500 (Eastern Standard Time): GET /jquery-3.3.1.min.js/ ::ffff:127.0.0.1
Thu Nov 15 2018 17:33:39 GMT-0500 (Eastern Standard Time): GET / ::1
Thu Nov 15 2018 17:33:39 GMT-0500 (Eastern Standard Time): GET /htmlFiels/main.css ::1
Thu Nov 15 2018 17:33:39 GMT-0500 (Eastern Standard Time): GET /jquery-3.3.1.min.js/ ::1
Thu Nov 15 2018 17:34:30 GMT-0500 (Eastern Standard Time): GET / ::1
Thu Nov 15 2018 17:34:30 GMT-0500 (Eastern Standard Time): GET /htmlFiels/main.css ::1
Thu Nov 15 2018 17:34:30 GMT-0500 (Eastern Standard Time): GET /jquery-3.3.1.min.js/ ::ffff:127.0.0.1
Thu Nov 15 2018 17:35:14 GMT-0500 (Eastern Standard Time): GET / ::1
Thu Nov 15 2018 17:35:14 GMT-0500 (Eastern Standard Time): GET /htmlFiels/main.css ::1
Thu Nov 15 2018 17:35:55 GMT-0500 (Eastern Standard Time): GET /?effectType=Rainbow&colorValue=+ ::1
Thu Nov 15 2018 17:35:55 GMT-0500 (Eastern Standard Time): GET /htmlFiels/main.css ::1
Thu Nov 15 2018 17:37:06 GMT-0500 (Eastern Standard Time): GET /?effectType=Rainbow&colorValue=+ ::1
Thu Nov 15 2018 17:37:06 GMT-0500 (Eastern Standard Time): GET /htmlFiels/main.css ::1
Thu Nov 15 2018 17:41:26 GMT-0500 (Eastern Standard Time): GET /?effectType=Rainbow&colorValue=+ ::1
Thu Nov 15 2018 17:41:26 GMT-0500 (Eastern Standard Time): GET /htmlFiels/main.css ::1
Thu Nov 15 2018 17:44:09 GMT-0500 (Eastern Standard Time): GET /?effectType=Rainbow&colorValue=+ ::1
Thu Nov 15 2018 17:44:09 GMT-0500 (Eastern Standard Time): GET /htmlFiels/main.css ::1
Thu Nov 15 2018 17:44:17 GMT-0500 (Eastern Standard Time): GET /?effectType=Solid&colorValue=+ ::1
Thu Nov 15 2018 17:44:17 GMT-0500 (Eastern Standard Time): GET /htmlFiels/main.css ::1
Thu Nov 15 2018 17:50:26 GMT-0500 (Eastern Standard Time): GET /?effectType=Rainbow&colorValue=+ ::1
Thu Nov 15 2018 17:50:26 GMT-0500 (Eastern Standard Time): GET /htmlFiels/main.css ::1
Thu Nov 15 2018 17:50:28 GMT-0500 (Eastern Standard Time): GET /?effectType=Solid&colorValue=+ ::1
Thu Nov 15 2018 17:50:28 GMT-0500 (Eastern Standard Time): GET /htmlFiels/main.css ::1
